2019-06-01 14:02:40,597 INFO o.a.j.u.JMeterUtils: Setting Locale to zh_CN
2019-06-01 14:02:40,621 INFO o.a.j.JMeter: Loading system properties from: system.properties
2019-06-01 14:02:40,630 INFO o.a.j.JMeter: Copyright (c) 1998-2018 The Apache Software Foundation
2019-06-01 14:02:40,631 INFO o.a.j.JMeter: Version 5.0 r1840935
2019-06-01 14:02:40,631 INFO o.a.j.JMeter: java.version=1.8.0_65
2019-06-01 14:02:40,631 INFO o.a.j.JMeter: java.vm.name=Java HotSpot(TM) Client VM
2019-06-01 14:02:40,631 INFO o.a.j.JMeter: os.name=Windows 7
2019-06-01 14:02:40,631 INFO o.a.j.JMeter: os.arch=x86
2019-06-01 14:02:40,631 INFO o.a.j.JMeter: os.version=6.1
2019-06-01 14:02:40,632 INFO o.a.j.JMeter: file.encoding=GBK
2019-06-01 14:02:40,632 INFO o.a.j.JMeter: Max memory     =518979584
2019-06-01 14:02:40,632 INFO o.a.j.JMeter: Available Processors =8
2019-06-01 14:02:40,644 INFO o.a.j.JMeter: Default Locale=中文 (中国)
2019-06-01 14:02:40,644 INFO o.a.j.JMeter: JMeter  Locale=中文 (中国)
2019-06-01 14:02:40,644 INFO o.a.j.JMeter: JMeterHome=C:\Users\Administrator\IdeaProjects\jmterproject\target\jmeter
2019-06-01 14:02:40,644 INFO o.a.j.JMeter: user.dir  =C:\Users\Administrator\IdeaProjects\jmterproject\target\jmeter\bin
2019-06-01 14:02:40,645 INFO o.a.j.JMeter: PWD       =C:\Users\Administrator\IdeaProjects\jmterproject\target\jmeter\bin
2019-06-01 14:02:40,647 INFO o.a.j.JMeter: IP: 192.168.10.1 Name: AUTOBVT-Q2JSAKP FullName: AUTOBVT-Q2JSAKP
2019-06-01 14:02:40,652 INFO o.a.j.s.FileServer: Default base='C:\Users\Administrator\IdeaProjects\jmterproject\target\jmeter\bin'
2019-06-01 14:02:40,659 INFO o.a.j.s.FileServer: Set new base='C:\Users\Administrator\IdeaProjects\jmterproject\target\jmeter\testFiles'
2019-06-01 14:02:40,906 INFO o.a.j.s.SaveService: Testplan (JMX) version: 2.2. Testlog (JTL) version: 2.2
2019-06-01 14:02:40,926 INFO o.a.j.s.SaveService: Using SaveService properties file encoding UTF-8
2019-06-01 14:02:40,945 INFO o.a.j.s.SaveService: Using SaveService properties version 2.9
2019-06-01 14:02:40,946 WARN o.a.j.s.SaveService: Bad _version - expected 5.0, found 2.9.
2019-06-01 14:02:40,946 INFO o.a.j.s.SaveService: Loading file: C:\Users\Administrator\IdeaProjects\jmterproject\target\jmeter\testFiles\csdn.jmx
2019-06-01 14:02:41,038 INFO o.a.j.p.h.s.HTTPSamplerBase: Parser for text/html is org.apache.jmeter.protocol.http.parser.LagartoBasedHtmlParser
2019-06-01 14:02:41,039 INFO o.a.j.p.h.s.HTTPSamplerBase: Parser for application/xhtml+xml is org.apache.jmeter.protocol.http.parser.LagartoBasedHtmlParser
2019-06-01 14:02:41,039 INFO o.a.j.p.h.s.HTTPSamplerBase: Parser for application/xml is org.apache.jmeter.protocol.http.parser.LagartoBasedHtmlParser
2019-06-01 14:02:41,039 INFO o.a.j.p.h.s.HTTPSamplerBase: Parser for text/xml is org.apache.jmeter.protocol.http.parser.LagartoBasedHtmlParser
2019-06-01 14:02:41,039 INFO o.a.j.p.h.s.HTTPSamplerBase: Parser for text/vnd.wap.wml is org.apache.jmeter.protocol.http.parser.RegexpHTMLParser
2019-06-01 14:02:41,039 INFO o.a.j.p.h.s.HTTPSamplerBase: Parser for text/css is org.apache.jmeter.protocol.http.parser.CssParser
2019-06-01 14:02:41,056 INFO o.a.j.JMeter: Creating summariser <summary>
2019-06-01 14:02:41,073 INFO o.a.j.e.StandardJMeterEngine: Running the test!
2019-06-01 14:02:41,074 INFO o.a.j.s.SampleEvent: List of sample_variables: []
2019-06-01 14:02:41,074 INFO o.a.j.s.SampleEvent: List of sample_variables: []
2019-06-01 14:02:41,084 INFO o.a.j.e.u.CompoundVariable: Note: Function class names must contain the string: '.functions.'
2019-06-01 14:02:41,084 INFO o.a.j.e.u.CompoundVariable: Note: Function class names must not contain the string: '.gui.'
2019-06-01 14:02:41,703 INFO o.a.j.JMeter: 正在运行的测试 (1559368961703)
2019-06-01 14:02:41,739 INFO o.a.j.e.StandardJMeterEngine: Starting ThreadGroup: 1 : 线程组
2019-06-01 14:02:41,740 INFO o.a.j.e.StandardJMeterEngine: Starting 1 threads for group 线程组.
2019-06-01 14:02:41,740 INFO o.a.j.e.StandardJMeterEngine: Thread will continue on error
2019-06-01 14:02:41,740 INFO o.a.j.t.ThreadGroup: Starting thread group... number=1 threads=1 ramp-up=1 perThread=1000.0 delayedStart=false
2019-06-01 14:02:41,747 INFO o.a.j.t.ThreadGroup: Started thread group number 1
2019-06-01 14:02:41,747 INFO o.a.j.e.StandardJMeterEngine: All thread groups have been started
2019-06-01 14:02:41,750 INFO o.a.j.t.JMeterThread: Thread started: 线程组 1-1
2019-06-01 14:02:41,782 INFO o.a.j.p.h.s.HTTPHCAbstractImpl: Local host = AUTOBVT-Q2JSAKP
2019-06-01 14:02:41,794 INFO o.a.j.p.h.s.HTTPHC4Impl: HTTP request retry count = 0
2019-06-01 14:02:41,796 INFO o.a.j.s.SampleResult: Note: Sample TimeStamps are START times
2019-06-01 14:02:41,797 INFO o.a.j.s.SampleResult: sampleresult.default.encoding is set to ISO-8859-1
2019-06-01 14:02:41,797 INFO o.a.j.s.SampleResult: sampleresult.useNanoTime=true
2019-06-01 14:02:41,797 INFO o.a.j.s.SampleResult: sampleresult.nanoThreadSleep=5000
2019-06-01 14:02:41,948 INFO o.a.j.p.h.s.h.LazyLayeredConnectionSocketFactory: Setting up HTTPS TrustAll Socket Factory
2019-06-01 14:02:41,957 INFO o.a.j.u.JsseSSLManager: Using default SSL protocol: TLS
2019-06-01 14:02:41,957 INFO o.a.j.u.JsseSSLManager: SSL session context: per-thread
2019-06-01 14:02:42,100 INFO o.a.j.u.SSLManager: JmeterKeyStore Location:  type JKS
2019-06-01 14:02:42,103 INFO o.a.j.u.SSLManager: KeyStore created OK
2019-06-01 14:02:42,104 WARN o.a.j.u.SSLManager: Keystore file not found, loading empty keystore
2019-06-01 14:02:43,414 INFO o.a.j.t.JMeterThread: Thread is done: 线程组 1-1
2019-06-01 14:02:43,415 INFO o.a.j.t.JMeterThread: Thread finished: 线程组 1-1
2019-06-01 14:02:43,415 INFO o.a.j.e.StandardJMeterEngine: Notifying test listeners of end of test
2019-06-01 14:02:43,416 INFO o.a.j.r.Summariser: summary =      1 in 00:00:02 =    0.6/s Avg:  1507 Min:  1507 Max:  1507 Err:     0 (0.00%)
